Input puzzle:

 -----------------------
| 1   5 | 9 4   |   2   | 
|     9 |     3 |       | 
|   8 4 | 6 1   | 9     | 
 -----------------------
|   9   |       |   8   | 
| 3 6 1 | 8   9 | 2 4 7 | 
|   4   |       |   1   | 
 -----------------------
|     3 |   9 5 | 1 6   | 
|       | 3     | 7     | 
|   5   |   6 1 | 8   4 | 
 -----------------------
Solving...
	Iteration 0. Updates: 2
	Iteration 1. Updates: 4
	Iteration 2. Updates: 19
	Iteration 3. Updates: 18
	Iteration 4. Updates: 2
	Iteration 5. Updates: 0
Done solving. Solution:

 -----------------------
| 1 3 5 | 9 4 7 | 6 2 8 | 
| 6 2 9 | 5 8 3 | 4 7 1 | 
| 7 8 4 | 6 1 2 | 9 5 3 | 
 -----------------------
| 2 9 7 | 1 3 4 | 5 8 6 | 
| 3 6 1 | 8 5 9 | 2 4 7 | 
| 5 4 8 | 2 7 6 | 3 1 9 | 
 -----------------------
| 8 7 3 | 4 9 5 | 1 6 2 | 
| 4 1 6 | 3 2 8 | 7 9 5 | 
| 9 5 2 | 7 6 1 | 8 3 4 | 
 -----------------------
